requirement_checker.adb:10:06: warning: redundant with clause in body [-gnatwr]
requirement_checker.adb:12:06: warning: redundant with clause in body [-gnatwr]
requirement_checker.adb:55:61: error: expected private type "Must_Types.Bounded_String" defined at must_types.ads:30
requirement_checker.adb:55:61: error: found private type "Ada.Strings.Bounded.Bounded_String" from instance at must_types.ads:23
requirement_checker.adb:65:34: error: "To_Unbounded" is undefined (more references follow)
requirement_checker.adb:105:22: error: no selector "Requirements_Content" for type "Mustfile_Config" defined at must_types.ads:158
requirement_checker.adb:108:15: error: "String_Vector_Maps" is undefined
requirement_checker.adb:110:21: error: no selector "Requirements_Content" for type "Mustfile_Config" defined at must_types.ads:158
requirement_checker.adb:114:45: error: "To_Unbounded" not declared in "Must_Types"
requirement_checker.adb:115:45: error: "To_Unbounded" not declared in "Must_Types"
requirement_checker.adb:134:16: error: no selector "Requirements_Content" for type "Mustfile_Config" defined at must_types.ads:158
requirement_checker.adb:147:63: error: expected private type "Bounded_String" defined at must_types.ads:30
requirement_checker.adb:147:63: error: found private type "Ada.Strings.Unbounded.Unbounded_String"
requirement_checker.adb:151:60: error: expected private type "Bounded_String" defined at must_types.ads:30
requirement_checker.adb:151:60: error: found private type "Ada.Strings.Unbounded.Unbounded_String"
requirement_checker.adb:183:83: error: expected private type "Must_Types.Bounded_String" defined at must_types.ads:30
requirement_checker.adb:183:83: error: found private type "Ada.Strings.Bounded.Bounded_String" from instance at must_types.ads:23
requirement_checker.adb:209:83: error: expected private type "Must_Types.Bounded_String" defined at must_types.ads:30
requirement_checker.adb:209:83: error: found private type "Ada.Strings.Bounded.Bounded_String" from instance at must_types.ads:23
requirement_checker.adb:231:76: error: expected private type "Bounded_String" defined at must_types.ads:30
requirement_checker.adb:231:76: error: found private type "Ada.Strings.Unbounded.Unbounded_String"
